Using pre-set license
Built from '2020.3/staging' branch; Version is '2020.3.0f1 (c7b5465681fb) revision 13088070'; Using compiler version '192528614'; Build Type 'Release'
OS: 'Windows 10 Home; OS build 19042.1466; Version 2009; 64bit' Language: 'en' Physical Memory: 16250 MB
BatchMode: 1, IsHumanControllingUs: 0, StartBugReporterOnCrash: 0, Is64bit: 1, IsPro: 0

 COMMAND LINE ARGUMENTS:
C:\Program Files\Unity\Hub\Editor\2020.3.0f1\Editor\Unity.exe
-adb2
-batchMode
-noUpm
-name
AssetImportWorker0
-projectPath
C:/Users/shubh/source/repos/SSGI-Unity
-logFile
Logs/AssetImportWorker0.log
-srvPort
64200
Successfully changed project path to: C:/Users/shubh/source/repos/SSGI-Unity
C:/Users/shubh/source/repos/SSGI-Unity
Using Asset Import Pipeline V2.
Refreshing native plugins compatible for Editor in 27.77 ms, found 0 plugins.
Preloading 0 native plugins for Editor in 0.00 ms.
Initialize engine version: 2020.3.0f1 (c7b5465681fb)
[Subsystems] Discovering subsystems at path C:/Program Files/Unity/Hub/Editor/2020.3.0f1/Editor/Data/Resources/UnitySubsystems
[Subsystems] Discovering subsystems at path C:/Users/shubh/source/repos/SSGI-Unity/Assets
GfxDevice: creating device client; threaded=0
Direct3D:
    Version:  Direct3D 11.0 [level 11.1]
    Renderer: NVIDIA GeForce GTX 1050 (ID=0x1c8d)
    Vendor:   
    VRAM:     4019 MB
    Driver:   30.0.14.7168
Initialize mono
Mono path[0] = 'C:/Program Files/Unity/Hub/Editor/2020.3.0f1/Editor/Data/Managed'
Mono path[1] = 'C:/Program Files/Unity/Hub/Editor/2020.3.0f1/Editor/Data/MonoBleedingEdge/lib/mono/unityjit'
Mono config path = 'C:/Program Files/Unity/Hub/Editor/2020.3.0f1/Editor/Data/MonoBleedingEdge/etc'
Using monoOptions --debugger-agent=transport=dt_socket,embedding=1,server=y,suspend=n,address=127.0.0.1:56232
Begin MonoManager ReloadAssembly
Registering precompiled unity dll's ...
Register platform support module: C:/Program Files/Unity/Hub/Editor/2020.3.0f1/Editor/Data/PlaybackEngines/WindowsStandaloneSupport/UnityEditor.WindowsStandalone.Extensions.dll
Registered in 0.002469 seconds.
Native extension for WindowsStandalone target not found
Refreshing native plugins compatible for Editor in 26.45 ms, found 0 plugins.
Preloading 0 native plugins for Editor in 0.00 ms.
Invoked RoslynAnalysisRunner static constructor.
RoslynAnalysisRunner will not be running.
RoslynAnalysisRunner has terminated.
Mono: successfully reloaded assembly
- Completed reload, in  1.296 seconds
Platform modules already initialized, skipping
Registering precompiled user dll's ...
Registered in 0.000867 seconds.
Begin MonoManager ReloadAssembly
Native extension for WindowsStandalone target not found
Refreshing native plugins compatible for Editor in 0.20 ms, found 0 plugins.
Preloading 0 native plugins for Editor in 0.00 ms.
Invoked RoslynAnalysisRunner static constructor.
RoslynAnalysisRunner will not be running.
RoslynAnalysisRunner has terminated.
Mono: successfully reloaded assembly
- Completed reload, in  0.969 seconds
Platform modules already initialized, skipping
========================================================================
Worker process is ready to serve import requests
Launched and connected shader compiler UnityShaderCompiler.exe after 0.06 seconds
Refreshing native plugins compatible for Editor in 0.21 ms, found 0 plugins.
Preloading 0 native plugins for Editor in 0.00 ms.
Unloading 1116 Unused Serialized files (Serialized files now loaded: 0)
System memory in use before: 57.4 MB.
System memory in use after: 57.5 MB.

Unloading 9 unused Assets to reduce memory usage. Loaded Objects now: 1560.
Total: 2.269300 ms (FindLiveObjects: 0.142200 ms CreateObjectMapping: 0.044600 ms MarkObjects: 2.011300 ms  DeleteObjects: 0.069700 ms)

========================================================================
Received Import Request.
  path: Assets/Scripts
  artifactKey: Guid(2e829fbffcb36344aabddba0f5dcc066) Importer(815301076,1909f56bfc062723c751e8b465ee728b)
Start importing Assets/Scripts using Guid(2e829fbffcb36344aabddba0f5dcc066) Importer(815301076,1909f56bfc062723c751e8b465ee728b)  -> (artifact id: '0e59fd8acd9def527a2e6477bf366fc1') in 0.009173 seconds
  Import took 0.011366 seconds .

========================================================================
Received Import Request.
  Time since last request: 4.779940 seconds.
  path: Assets/Shaders
  artifactKey: Guid(3188cacae340be84da043d1c7d90c4cb) Importer(815301076,1909f56bfc062723c751e8b465ee728b)
Start importing Assets/Shaders using Guid(3188cacae340be84da043d1c7d90c4cb) Importer(815301076,1909f56bfc062723c751e8b465ee728b)  -> (artifact id: '1648ef3696c71b1867627b5ec47e4a60') in 0.012468 seconds
  Import took 0.015339 seconds .

========================================================================
Received Import Request.
  Time since last request: 0.000589 seconds.
  path: Assets/Shaders
  artifactKey: Guid(3188cacae340be84da043d1c7d90c4cb) Importer(815301076,1909f56bfc062723c751e8b465ee728b)
Start importing Assets/Shaders using Guid(3188cacae340be84da043d1c7d90c4cb) Importer(815301076,1909f56bfc062723c751e8b465ee728b)  -> (artifact id: '1648ef3696c71b1867627b5ec47e4a60') in 0.003021 seconds
  Import took 0.005382 seconds .

========================================================================
Received Import Request.
  Time since last request: 29.090976 seconds.
  path: Assets/Scripts/SSGI.cs
  artifactKey: Guid(866f02c17eb82c240b65192b8d255940) Importer(815301076,1909f56bfc062723c751e8b465ee728b)
Start importing Assets/Scripts/SSGI.cs using Guid(866f02c17eb82c240b65192b8d255940) Importer(815301076,1909f56bfc062723c751e8b465ee728b)  -> (artifact id: 'eefe81d68a3b0b9a437af2d76d4b1020') in 0.327793 seconds
  Import took 0.330297 seconds .

========================================================================
Received Prepare
Refreshing native plugins compatible for Editor in 0.90 ms, found 0 plugins.
Preloading 0 native plugins for Editor in 0.00 ms.
Unloading 2 Unused Serialized files (Serialized files now loaded: 0)
System memory in use before: 35.1 MB.
System memory in use after: 35.2 MB.

Unloading 2 unused Assets to reduce memory usage. Loaded Objects now: 1560.
Total: 2.866900 ms (FindLiveObjects: 0.205800 ms CreateObjectMapping: 0.060300 ms MarkObjects: 2.548100 ms  DeleteObjects: 0.050800 ms)

========================================================================
Received Import Request.
  Time since last request: 121.575180 seconds.
  path: Assets/Scripts/SSGIDiffuse.cs
  artifactKey: Guid(b3a0dab5c8aa9604dbc9b93cf78fa834) Importer(815301076,1909f56bfc062723c751e8b465ee728b)
Start importing Assets/Scripts/SSGIDiffuse.cs using Guid(b3a0dab5c8aa9604dbc9b93cf78fa834) Importer(815301076,1909f56bfc062723c751e8b465ee728b)  -> (artifact id: 'bd2640d7aa8636d9de0454c77a7e4fc0') in 0.008174 seconds
  Import took 0.010848 seconds .

========================================================================
Received Prepare
Registering precompiled user dll's ...
Registered in 0.000800 seconds.
Begin MonoManager ReloadAssembly
Native extension for WindowsStandalone target not found
Refreshing native plugins compatible for Editor in 0.23 ms, found 0 plugins.
Preloading 0 native plugins for Editor in 0.00 ms.
Invoked RoslynAnalysisRunner static constructor.
RoslynAnalysisRunner will not be running.
RoslynAnalysisRunner has terminated.
Mono: successfully reloaded assembly
- Completed reload, in  1.107 seconds
Platform modules already initialized, skipping
Refreshing native plugins compatible for Editor in 0.27 ms, found 0 plugins.
Preloading 0 native plugins for Editor in 0.00 ms.
Unloading 1110 Unused Serialized files (Serialized files now loaded: 0)
System memory in use before: 57.1 MB.
System memory in use after: 57.2 MB.

Unloading 4 unused Assets to reduce memory usage. Loaded Objects now: 1564.
Total: 1.899400 ms (FindLiveObjects: 0.215900 ms CreateObjectMapping: 0.035400 ms MarkObjects: 1.623000 ms  DeleteObjects: 0.023800 ms)

AssetImportWorkerClient::OnTransportError - code=2 error=End of file
